[ 2017-04-26T11:40:32+08:00 ] 127.0.0.1 /tp/index.php
INFO: [ app_init ] --START--
INFO: Run Behavior\BuildLiteBehavior [ RunTime:0.002000s ]
INFO: [ app_init ] --END-- [ RunTime:0.006000s ]
INFO: [ app_begin ] --START--
INFO: Run Behavior\ReadHtmlCacheBehavior [ RunTime:0.003001s ]
INFO: [ app_begin ] --END-- [ RunTime:0.008001s ]
INFO: [ view_parse ] --START--
INFO: Run Behavior\ParseTemplateBehavior [ RunTime:0.008001s ]
INFO: [ view_parse ] --END-- [ RunTime:0.010001s ]
INFO: [ view_filter ] --START--
INFO: Run Behavior\WriteHtmlCacheBehavior [ RunTime:0.003000s ]
INFO: [ view_filter ] --END-- [ RunTime:0.006000s ]
INFO: [ app_end ] --START--
INFO: Run Behavior\ShowPageTraceBehavior [ RunTime:0.002000s ]
INFO: [ app_end ] --END-- [ RunTime:0.010001s ]

[ 2017-04-26T11:43:14+08:00 ] 127.0.0.1 /tp/index.php
INFO: [ app_init ] --START--
INFO: Run Behavior\BuildLiteBehavior [ RunTime:0.001000s ]
INFO: [ app_init ] --END-- [ RunTime:0.005001s ]
INFO: [ app_begin ] --START--
INFO: Run Behavior\ReadHtmlCacheBehavior [ RunTime:0.003000s ]
INFO: [ app_begin ] --END-- [ RunTime:0.006000s ]
INFO: [ view_parse ] --START--
INFO: Run Behavior\ParseTemplateBehavior [ RunTime:0.004001s ]
INFO: [ view_parse ] --END-- [ RunTime:0.012001s ]
INFO: [ view_filter ] --START--
INFO: Run Behavior\WriteHtmlCacheBehavior [ RunTime:0.002000s ]
INFO: [ view_filter ] --END-- [ RunTime:0.007001s ]
INFO: [ app_end ] --START--
INFO: Run Behavior\ShowPageTraceBehavior [ RunTime:0.002000s ]
INFO: [ app_end ] --END-- [ RunTime:0.006000s ]

[ 2017-04-26T13:50:06+08:00 ] 127.0.0.1 /tp/index.php/Home/User/login
INFO: [ app_init ] --START--
INFO: Run Behavior\BuildLiteBehavior [ RunTime:0.000000s ]
INFO: [ app_init ] --END-- [ RunTime:0.004001s ]
INFO: [ app_begin ] --START--
INFO: Run Behavior\ReadHtmlCacheBehavior [ RunTime:0.002000s ]
INFO: [ app_begin ] --END-- [ RunTime:0.005000s ]
SQL: SHOW COLUMNS FROM `usera` [ RunTime:0.0040s ]
SQL: SELECT * FROM `usera` WHERE ( username='110421' )  [ RunTime:0.0010s ]
INFO: [ app_end ] --START--
INFO: Run Behavior\ShowPageTraceBehavior [ RunTime:0.003001s ]
INFO: [ app_end ] --END-- [ RunTime:0.006001s ]

[ 2017-04-26T13:53:01+08:00 ] 127.0.0.1 /tp/index.php/Home/User/login
INFO: [ app_init ] --START--
INFO: Run Behavior\BuildLiteBehavior [ RunTime:0.001000s ]
INFO: [ app_init ] --END-- [ RunTime:0.004000s ]
INFO: [ app_begin ] --START--
INFO: Run Behavior\ReadHtmlCacheBehavior [ RunTime:0.002000s ]
INFO: [ app_begin ] --END-- [ RunTime:0.005000s ]
SQL: SHOW COLUMNS FROM `usera` [ RunTime:0.0030s ]
SQL: SELECT * FROM `usera` WHERE ( username='110421' )  [ RunTime:0.0010s ]
INFO: [ app_end ] --START--
INFO: Run Behavior\ShowPageTraceBehavior [ RunTime:0.003000s ]
INFO: [ app_end ] --END-- [ RunTime:0.005001s ]

[ 2017-04-26T13:53:50+08:00 ] 127.0.0.1 /tp/index.php/Home/User/login
INFO: [ app_init ] --START--
INFO: Run Behavior\BuildLiteBehavior [ RunTime:0.003000s ]
INFO: [ app_init ] --END-- [ RunTime:0.008000s ]
INFO: [ app_begin ] --START--
INFO: Run Behavior\ReadHtmlCacheBehavior [ RunTime:0.003000s ]
INFO: [ app_begin ] --END-- [ RunTime:0.005000s ]
SQL: SHOW COLUMNS FROM `usera` [ RunTime:0.0060s ]
SQL: SELECT * FROM `usera` WHERE ( username='110421' )  [ RunTime:0.0010s ]
INFO: [ app_end ] --START--
INFO: Run Behavior\ShowPageTraceBehavior [ RunTime:0.002000s ]
INFO: [ app_end ] --END-- [ RunTime:0.005000s ]

[ 2017-04-26T14:08:12+08:00 ] 127.0.0.1 /tp/index.php/Home/User/login
INFO: [ app_init ] --START--
INFO: Run Behavior\BuildLiteBehavior [ RunTime:0.001000s ]
INFO: [ app_init ] --END-- [ RunTime:0.005000s ]
INFO: [ app_begin ] --START--
INFO: Run Behavior\ReadHtmlCacheBehavior [ RunTime:0.002000s ]
INFO: [ app_begin ] --END-- [ RunTime:0.005000s ]
SQL: SHOW COLUMNS FROM `usera` [ RunTime:0.0040s ]
SQL: SELECT * FROM `usera` WHERE ( username='110421' )  [ RunTime:0.0010s ]
ERR: 1146:Table 'u322.tb_userjob' doesn't exist
 [ SQL语句 ] : SHOW COLUMNS FROM `tb_userjob`
ERR: 1146:Table 'u322.tb_userjob' doesn't exist
 [ SQL语句 ] : SHOW COLUMNS FROM `tb_userjob`
NOTIC: [2] Cannot modify header information - headers already sent by (output started at D:\PHP-webapp\tp\ThinkPHP\Library\Think\Db\Driver.class.php:170) D:\PHP-webapp\tp\ThinkPHP\Library\Think\Think.class.php 第 229 行.
NOTIC: [2] Cannot modify header information - headers already sent by (output started at D:\PHP-webapp\tp\ThinkPHP\Library\Think\Db\Driver.class.php:170) D:\PHP-webapp\tp\ThinkPHP\Library\Think\Think.class.php 第 230 行.

[ 2017-04-26T14:10:01+08:00 ] 127.0.0.1 /tp/index.php/Home/User/login
INFO: [ app_init ] --START--
INFO: Run Behavior\BuildLiteBehavior [ RunTime:0.001000s ]
INFO: [ app_init ] --END-- [ RunTime:0.004000s ]
INFO: [ app_begin ] --START--
INFO: Run Behavior\ReadHtmlCacheBehavior [ RunTime:0.002000s ]
INFO: [ app_begin ] --END-- [ RunTime:0.005000s ]
SQL: SHOW COLUMNS FROM `usera` [ RunTime:0.0040s ]
SQL: SELECT * FROM `usera` WHERE ( username='110421' )  [ RunTime:0.0010s ]
INFO: [ app_end ] --START--
INFO: Run Behavior\ShowPageTraceBehavior [ RunTime:0.002000s ]
INFO: [ app_end ] --END-- [ RunTime:0.005001s ]

[ 2017-04-26T14:10:10+08:00 ] 127.0.0.1 /tp/index.php/Home/User/login
INFO: [ app_init ] --START--
INFO: Run Behavior\BuildLiteBehavior [ RunTime:0.001000s ]
INFO: [ app_init ] --END-- [ RunTime:0.004000s ]
INFO: [ app_begin ] --START--
INFO: Run Behavior\ReadHtmlCacheBehavior [ RunTime:0.001000s ]
INFO: [ app_begin ] --END-- [ RunTime:0.005000s ]
SQL: SHOW COLUMNS FROM `usera` [ RunTime:0.0040s ]
SQL: SELECT * FROM `usera` WHERE ( username='110421' )  [ RunTime:0.0010s ]
ERR: 1146:Table 'u322.tb_userjob' doesn't exist
 [ SQL语句 ] : SHOW COLUMNS FROM `tb_userjob`
ERR: 1146:Table 'u322.tb_userjob' doesn't exist
 [ SQL语句 ] : SHOW COLUMNS FROM `tb_userjob`
NOTIC: [2] Cannot modify header information - headers already sent by (output started at D:\PHP-webapp\tp\ThinkPHP\Library\Think\Db\Driver.class.php:170) D:\PHP-webapp\tp\ThinkPHP\Library\Think\Think.class.php 第 229 行.
NOTIC: [2] Cannot modify header information - headers already sent by (output started at D:\PHP-webapp\tp\ThinkPHP\Library\Think\Db\Driver.class.php:170) D:\PHP-webapp\tp\ThinkPHP\Library\Think\Think.class.php 第 230 行.

[ 2017-04-26T14:14:31+08:00 ] 127.0.0.1 /tp/index.php/Home/User/login
INFO: [ app_init ] --START--
INFO: Run Behavior\BuildLiteBehavior [ RunTime:0.001000s ]
INFO: [ app_init ] --END-- [ RunTime:0.004000s ]
INFO: [ app_begin ] --START--
INFO: Run Behavior\ReadHtmlCacheBehavior [ RunTime:0.002000s ]
INFO: [ app_begin ] --END-- [ RunTime:0.005000s ]
SQL: SHOW COLUMNS FROM `usera` [ RunTime:0.0040s ]
SQL: SELECT * FROM `usera` WHERE ( username='110421' )  [ RunTime:0.0020s ]
SQL: SHOW COLUMNS FROM `userpart` [ RunTime:0.0070s ]
SQL: SELECT m.* FROM userpart u,manageoart jm,manage m WHERE ( u.pid=jm.pid and jm.mid=m.mid and u.uid='1' )  [ RunTime:0.0060s ]
INFO: [ app_end ] --START--
INFO: Run Behavior\ShowPageTraceBehavior [ RunTime:0.003000s ]
INFO: [ app_end ] --END-- [ RunTime:0.005000s ]

[ 2017-04-26T14:14:57+08:00 ] 127.0.0.1 /tp/index.php/Home/User/login
INFO: [ app_init ] --START--
INFO: Run Behavior\BuildLiteBehavior [ RunTime:0.000000s ]
INFO: [ app_init ] --END-- [ RunTime:0.004000s ]
INFO: [ app_begin ] --START--
INFO: Run Behavior\ReadHtmlCacheBehavior [ RunTime:0.002000s ]
INFO: [ app_begin ] --END-- [ RunTime:0.005000s ]
SQL: SHOW COLUMNS FROM `usera` [ RunTime:0.0040s ]
SQL: SELECT * FROM `usera` WHERE ( username='110421' )  [ RunTime:0.0010s ]
SQL: SHOW COLUMNS FROM `userpart` [ RunTime:0.0040s ]
SQL: SELECT m.* FROM userpart u,manageoart jm,manage m WHERE ( u.pid=jm.pid and jm.mid=m.mid and u.uid='1' )  [ RunTime:0.0010s ]
INFO: [ app_end ] --START--
INFO: Run Behavior\ShowPageTraceBehavior [ RunTime:0.002000s ]
INFO: [ app_end ] --END-- [ RunTime:0.006000s ]

[ 2017-04-26T14:22:56+08:00 ] 127.0.0.1 /tp/index.php/Home/User/login
INFO: [ app_init ] --START--
INFO: Run Behavior\BuildLiteBehavior [ RunTime:0.001000s ]
INFO: [ app_init ] --END-- [ RunTime:0.004000s ]
INFO: [ app_begin ] --START--
INFO: Run Behavior\ReadHtmlCacheBehavior [ RunTime:0.002001s ]
INFO: [ app_begin ] --END-- [ RunTime:0.005001s ]
SQL: SHOW COLUMNS FROM `usera` [ RunTime:0.0040s ]
SQL: SELECT * FROM `usera` WHERE ( username='110421' )  [ RunTime:0.0010s ]
SQL: SHOW COLUMNS FROM `userpart` [ RunTime:0.0040s ]
SQL: SELECT m.* FROM userpart u,manageoart jm,manage m WHERE ( u.pid=jm.pid and jm.mid=m.mid and u.uid='1' )  [ RunTime:0.0010s ]
INFO: [ app_end ] --START--
INFO: Run Behavior\ShowPageTraceBehavior [ RunTime:0.002000s ]
INFO: [ app_end ] --END-- [ RunTime:0.006001s ]

[ 2017-04-26T14:23:14+08:00 ] 127.0.0.1 /tp/index.php/Home/User/login
INFO: [ app_init ] --START--
INFO: Run Behavior\BuildLiteBehavior [ RunTime:0.001001s ]
INFO: [ app_init ] --END-- [ RunTime:0.005001s ]
INFO: [ app_begin ] --START--
INFO: Run Behavior\ReadHtmlCacheBehavior [ RunTime:0.002000s ]
INFO: [ app_begin ] --END-- [ RunTime:0.005000s ]
SQL: SHOW COLUMNS FROM `usera` [ RunTime:0.0040s ]
SQL: SELECT * FROM `usera` WHERE ( username='110421' )  [ RunTime:0.0010s ]
SQL: SHOW COLUMNS FROM `userpart` [ RunTime:0.0040s ]
SQL: SELECT m.* FROM userpart u,manageoart jm,manage m WHERE ( u.pid=jm.pid and jm.mid=m.mid and u.uid='1' )  [ RunTime:0.0010s ]
INFO: [ app_end ] --START--
INFO: Run Behavior\ShowPageTraceBehavior [ RunTime:0.002000s ]
INFO: [ app_end ] --END-- [ RunTime:0.005000s ]

[ 2017-04-26T15:39:27+08:00 ] 127.0.0.1 /tp/index.php/Home/User/login
INFO: [ app_init ] --START--
INFO: Run Behavior\BuildLiteBehavior [ RunTime:0.000000s ]
INFO: [ app_init ] --END-- [ RunTime:0.005001s ]
INFO: [ app_begin ] --START--
INFO: Run Behavior\ReadHtmlCacheBehavior [ RunTime:0.002000s ]
INFO: [ app_begin ] --END-- [ RunTime:0.005000s ]
SQL: SHOW COLUMNS FROM `usera` [ RunTime:0.0040s ]
SQL: SELECT * FROM `usera` WHERE ( username='110421' )  [ RunTime:0.0010s ]
SQL: SHOW COLUMNS FROM `userpart` [ RunTime:0.0040s ]
SQL: SELECT m.* FROM userpart u,manageoart jm,manage m WHERE ( u.pid=jm.pid and jm.mid=m.mid and u.uid='1' )  [ RunTime:0.0010s ]
INFO: [ app_end ] --START--
INFO: Run Behavior\ShowPageTraceBehavior [ RunTime:0.003000s ]
INFO: [ app_end ] --END-- [ RunTime:0.005000s ]

[ 2017-04-26T15:39:39+08:00 ] 127.0.0.1 /tp/index.php/Home/User/login
INFO: [ app_init ] --START--
INFO: Run Behavior\BuildLiteBehavior [ RunTime:0.000000s ]
INFO: [ app_init ] --END-- [ RunTime:0.004000s ]
INFO: [ app_begin ] --START--
INFO: Run Behavior\ReadHtmlCacheBehavior [ RunTime:0.002000s ]
INFO: [ app_begin ] --END-- [ RunTime:0.005001s ]
SQL: SHOW COLUMNS FROM `usera` [ RunTime:0.0040s ]
SQL: SELECT * FROM `usera` WHERE ( username='110421' )  [ RunTime:0.0010s ]
SQL: SHOW COLUMNS FROM `userpart` [ RunTime:0.0030s ]
SQL: SELECT m.* FROM userpart u,manageoart jm,manage m WHERE ( u.pid=jm.pid and jm.mid=m.mid and u.uid='1' )  [ RunTime:0.0010s ]
INFO: [ app_end ] --START--
INFO: Run Behavior\ShowPageTraceBehavior [ RunTime:0.002001s ]
INFO: [ app_end ] --END-- [ RunTime:0.006001s ]

[ 2017-04-26T15:40:54+08:00 ] 127.0.0.1 /tp/index.php/Home/User/login
INFO: [ app_init ] --START--
INFO: Run Behavior\BuildLiteBehavior [ RunTime:0.001000s ]
INFO: [ app_init ] --END-- [ RunTime:0.004000s ]
INFO: [ app_begin ] --START--
INFO: Run Behavior\ReadHtmlCacheBehavior [ RunTime:0.002000s ]
INFO: [ app_begin ] --END-- [ RunTime:0.005000s ]
SQL: SHOW COLUMNS FROM `usera` [ RunTime:0.0030s ]
SQL: SELECT * FROM `usera` WHERE ( username='110421' )  [ RunTime:0.0010s ]
SQL: SHOW COLUMNS FROM `userpart` [ RunTime:0.0040s ]
SQL: SELECT m.* FROM userpart u,manageoart jm,manage m WHERE ( u.pid=jm.pid and jm.mid=m.mid and u.uid='1' )  [ RunTime:0.0010s ]
INFO: [ app_end ] --START--
INFO: Run Behavior\ShowPageTraceBehavior [ RunTime:0.002000s ]
INFO: [ app_end ] --END-- [ RunTime:0.006000s ]

[ 2017-04-26T15:43:17+08:00 ] 127.0.0.1 /tp/index.php/Home/User/login
INFO: [ app_init ] --START--
INFO: Run Behavior\BuildLiteBehavior [ RunTime:0.000000s ]
INFO: [ app_init ] --END-- [ RunTime:0.005000s ]
INFO: [ app_begin ] --START--
INFO: Run Behavior\ReadHtmlCacheBehavior [ RunTime:0.002000s ]
INFO: [ app_begin ] --END-- [ RunTime:0.006001s ]
SQL: SHOW COLUMNS FROM `usera` [ RunTime:0.0040s ]
SQL: SELECT * FROM `usera` WHERE ( username='110421' )  [ RunTime:0.0000s ]
SQL: SHOW COLUMNS FROM `userpart` [ RunTime:0.0040s ]
SQL: SELECT m.* FROM userpart u,manageoart jm,manage m WHERE ( u.pid=jm.pid and jm.mid=m.mid and u.uid='1' )  [ RunTime:0.0010s ]
INFO: [ app_end ] --START--
INFO: Run Behavior\ShowPageTraceBehavior [ RunTime:0.002000s ]
INFO: [ app_end ] --END-- [ RunTime:0.006000s ]

[ 2017-04-26T15:52:09+08:00 ] 127.0.0.1 /tp/index.php/Home/User/login
INFO: [ app_init ] --START--
INFO: Run Behavior\BuildLiteBehavior [ RunTime:0.001000s ]
INFO: [ app_init ] --END-- [ RunTime:0.004000s ]
INFO: [ app_begin ] --START--
INFO: Run Behavior\ReadHtmlCacheBehavior [ RunTime:0.002000s ]
INFO: [ app_begin ] --END-- [ RunTime:0.006001s ]
SQL: SHOW COLUMNS FROM `usera` [ RunTime:0.0040s ]
SQL: SELECT * FROM `usera` WHERE ( username='110421' )  [ RunTime:0.0010s ]
SQL: SHOW COLUMNS FROM `userpart` [ RunTime:0.0040s ]
SQL: SELECT m.* FROM userpart u,manageoart jm,manage m WHERE ( u.pid=jm.pid and jm.mid=m.mid and u.uid='1' )  [ RunTime:0.0020s ]
INFO: [ app_end ] --START--
INFO: Run Behavior\ShowPageTraceBehavior [ RunTime:0.002000s ]
INFO: [ app_end ] --END-- [ RunTime:0.005001s ]

[ 2017-04-26T16:32:32+08:00 ] 127.0.0.1 /tp/index.php/Home/User/login
INFO: [ app_init ] --START--
INFO: Run Behavior\BuildLiteBehavior [ RunTime:0.001000s ]
INFO: [ app_init ] --END-- [ RunTime:0.005000s ]
INFO: [ app_begin ] --START--
INFO: Run Behavior\ReadHtmlCacheBehavior [ RunTime:0.001000s ]
INFO: [ app_begin ] --END-- [ RunTime:0.005000s ]
SQL: SHOW COLUMNS FROM `usera` [ RunTime:0.0040s ]
SQL: SELECT * FROM `usera` WHERE ( username='110421' )  [ RunTime:0.0020s ]
SQL: SHOW COLUMNS FROM `userpart` [ RunTime:0.0040s ]
SQL: SELECT m.* FROM userpart u,manageoart jm,manage m WHERE ( u.pid=jm.pid and jm.mid=m.mid and u.uid='1' )  [ RunTime:0.0020s ]
INFO: [ app_end ] --START--
INFO: Run Behavior\ShowPageTraceBehavior [ RunTime:0.002000s ]
INFO: [ app_end ] --END-- [ RunTime:0.005000s ]

[ 2017-04-26T17:30:40+08:00 ] 127.0.0.1 /tp/index.php/Home/User/login
INFO: [ app_init ] --START--
INFO: Run Behavior\BuildLiteBehavior [ RunTime:0.001000s ]
INFO: [ app_init ] --END-- [ RunTime:0.004000s ]
INFO: [ app_begin ] --START--
INFO: Run Behavior\ReadHtmlCacheBehavior [ RunTime:0.002000s ]
INFO: [ app_begin ] --END-- [ RunTime:0.006000s ]
SQL: SHOW COLUMNS FROM `usera` [ RunTime:0.0050s ]
SQL: SELECT * FROM `usera` WHERE ( username='110421' )  [ RunTime:0.0010s ]
SQL: SHOW COLUMNS FROM `userpart` [ RunTime:0.0040s ]
SQL: SELECT m.* FROM userpart u,manageoart jm,manage m WHERE ( u.pid=jm.pid and jm.mid=m.mid and u.uid='1' )  [ RunTime:0.0010s ]
INFO: [ app_end ] --START--
INFO: Run Behavior\ShowPageTraceBehavior [ RunTime:0.002000s ]
INFO: [ app_end ] --END-- [ RunTime:0.005000s ]

